<?xml version="1.0" encoding="UTF-8"?>
<!-- Generated by org.testng.reporters.JUnitReportReporter -->
<testsuite hostname="Ranjeeths-MacBook-Pro.local" failures="0" tests="1" name="DataProvider" time="0.474" errors="0" timestamp="09 Mar 2021 14:57:31 GMT" skipped="0">
  <testcase classname="DataProvider" name="setUp" time="0.474"/>
</testsuite> <!-- DataProvider -->
