<?xml version="1.0" encoding="UTF-8"?>
<!-- Generated by org.testng.reporters.JUnitReportReporter -->
<testsuite hostname="Ranjeeths-MacBook-Pro.local" failures="0" tests="1" name="CheckDataProvider" time="0.000" errors="0" timestamp="09 Mar 2021 15:58:25 GMT" skipped="1">
  <testcase classname="CheckDataProvider" name="printCheck" time="0.000">
    <skipped/>
  </testcase> <!-- printCheck -->
</testsuite> <!-- CheckDataProvider -->
